17-Sep-2020 18:38:03 CEST  Initiating request to open file file:/eos/user/c/cmsdas/short-exercises/muon/dymm_2.root
17-Sep-2020 18:38:05 CEST  Successfully opened file file:/eos/user/c/cmsdas/short-exercises/muon/dymm_2.root
Begin processing the 1st record. Run 1, Event 6061234, LumiSection 12757 on stream 0 at 17-Sep-2020 18:38:17.780 CEST
Begin processing the 1001st record. Run 1, Event 6449968, LumiSection 13574 on stream 0 at 17-Sep-2020 18:38:26.851 CEST
Begin processing the 2001st record. Run 1, Event 7107556, LumiSection 14959 on stream 0 at 17-Sep-2020 18:38:27.409 CEST
Begin processing the 3001st record. Run 1, Event 7546724, LumiSection 15883 on stream 0 at 17-Sep-2020 18:38:29.184 CEST
Begin processing the 4001st record. Run 1, Event 154132395, LumiSection 324376 on stream 0 at 17-Sep-2020 18:38:29.715 CEST
Begin processing the 5001st record. Run 1, Event 6076330, LumiSection 12788 on stream 0 at 17-Sep-2020 18:38:30.244 CEST
Begin processing the 6001st record. Run 1, Event 6249112, LumiSection 13151 on stream 0 at 17-Sep-2020 18:38:31.993 CEST
Begin processing the 7001st record. Run 1, Event 155293149, LumiSection 326818 on stream 0 at 17-Sep-2020 18:38:32.513 CEST
Begin processing the 8001st record. Run 1, Event 177394459, LumiSection 373331 on stream 0 at 17-Sep-2020 18:38:34.382 CEST
Begin processing the 9001st record. Run 1, Event 325649620, LumiSection 685338 on stream 0 at 17-Sep-2020 18:38:34.904 CEST
Begin processing the 10001st record. Run 1, Event 8440874, LumiSection 17764 on stream 0 at 17-Sep-2020 18:38:35.413 CEST
Begin processing the 11001st record. Run 1, Event 154299503, LumiSection 324728 on stream 0 at 17-Sep-2020 18:38:38.404 CEST
Begin processing the 12001st record. Run 1, Event 156422895, LumiSection 329196 on stream 0 at 17-Sep-2020 18:38:38.935 CEST
Begin processing the 13001st record. Run 1, Event 156841347, LumiSection 330077 on stream 0 at 17-Sep-2020 18:38:39.454 CEST
Begin processing the 14001st record. Run 1, Event 157907594, LumiSection 332321 on stream 0 at 17-Sep-2020 18:38:41.177 CEST
Begin processing the 15001st record. Run 1, Event 156463074, LumiSection 329281 on stream 0 at 17-Sep-2020 18:38:41.692 CEST
Begin processing the 16001st record. Run 1, Event 158773803, LumiSection 334144 on stream 0 at 17-Sep-2020 18:38:43.533 CEST
Begin processing the 17001st record. Run 1, Event 176992791, LumiSection 372486 on stream 0 at 17-Sep-2020 18:38:44.042 CEST
Begin processing the 18001st record. Run 1, Event 177326857, LumiSection 373189 on stream 0 at 17-Sep-2020 18:38:44.559 CEST
Begin processing the 19001st record. Run 1, Event 201072635, LumiSection 423163 on stream 0 at 17-Sep-2020 18:38:46.279 CEST
Begin processing the 20001st record. Run 1, Event 155272817, LumiSection 326776 on stream 0 at 17-Sep-2020 18:38:46.793 CEST
Begin processing the 21001st record. Run 1, Event 156415496, LumiSection 329181 on stream 0 at 17-Sep-2020 18:38:47.318 CEST
Begin processing the 22001st record. Run 1, Event 156580901, LumiSection 329529 on stream 0 at 17-Sep-2020 18:38:50.262 CEST
Begin processing the 23001st record. Run 1, Event 158724169, LumiSection 334039 on stream 0 at 17-Sep-2020 18:38:50.795 CEST
Begin processing the 24001st record. Run 1, Event 158852175, LumiSection 334309 on stream 0 at 17-Sep-2020 18:38:52.573 CEST
Begin processing the 25001st record. Run 1, Event 156558570, LumiSection 329482 on stream 0 at 17-Sep-2020 18:38:53.113 CEST
Begin processing the 26001st record. Run 1, Event 259918727, LumiSection 547006 on stream 0 at 17-Sep-2020 18:38:53.649 CEST
Begin processing the 27001st record. Run 1, Event 262722330, LumiSection 552906 on stream 0 at 17-Sep-2020 18:38:55.375 CEST
Begin processing the 28001st record. Run 1, Event 325118733, LumiSection 684221 on stream 0 at 17-Sep-2020 18:38:55.917 CEST
Begin processing the 29001st record. Run 1, Event 325632314, LumiSection 685301 on stream 0 at 17-Sep-2020 18:38:56.456 CEST
Begin processing the 30001st record. Run 1, Event 155833963, LumiSection 327957 on stream 0 at 17-Sep-2020 18:38:58.218 CEST
Begin processing the 31001st record. Run 1, Event 156267170, LumiSection 328868 on stream 0 at 17-Sep-2020 18:38:58.728 CEST
Begin processing the 32001st record. Run 1, Event 156329620, LumiSection 329000 on stream 0 at 17-Sep-2020 18:39:01.782 CEST
Begin processing the 33001st record. Run 1, Event 156407260, LumiSection 329163 on stream 0 at 17-Sep-2020 18:39:02.305 CEST
Begin processing the 34001st record. Run 1, Event 156915443, LumiSection 330233 on stream 0 at 17-Sep-2020 18:39:02.826 CEST
Begin processing the 35001st record. Run 1, Event 159655249, LumiSection 335999 on stream 0 at 17-Sep-2020 18:39:04.645 CEST
Begin processing the 36001st record. Run 1, Event 177301390, LumiSection 373136 on stream 0 at 17-Sep-2020 18:39:05.161 CEST
Begin processing the 37001st record. Run 1, Event 181271771, LumiSection 381491 on stream 0 at 17-Sep-2020 18:39:05.681 CEST
Begin processing the 38001st record. Run 1, Event 199947321, LumiSection 420794 on stream 0 at 17-Sep-2020 18:39:07.497 CEST
Begin processing the 39001st record. Run 1, Event 158449086, LumiSection 333460 on stream 0 at 17-Sep-2020 18:39:08.018 CEST
Begin processing the 40001st record. Run 1, Event 158846623, LumiSection 334297 on stream 0 at 17-Sep-2020 18:39:09.848 CEST
Begin processing the 41001st record. Run 1, Event 177099944, LumiSection 372711 on stream 0 at 17-Sep-2020 18:39:10.364 CEST
Begin processing the 42001st record. Run 1, Event 177184009, LumiSection 372889 on stream 0 at 17-Sep-2020 18:39:10.876 CEST
Begin processing the 43001st record. Run 1, Event 177387858, LumiSection 373317 on stream 0 at 17-Sep-2020 18:39:14.106 CEST
Begin processing the 44001st record. Run 1, Event 158754289, LumiSection 334102 on stream 0 at 17-Sep-2020 18:39:14.631 CEST
Begin processing the 45001st record. Run 1, Event 159633959, LumiSection 335954 on stream 0 at 17-Sep-2020 18:39:15.164 CEST
Begin processing the 46001st record. Run 1, Event 177151356, LumiSection 372820 on stream 0 at 17-Sep-2020 18:39:16.507 CEST
Begin processing the 47001st record. Run 1, Event 177439803, LumiSection 373427 on stream 0 at 17-Sep-2020 18:39:17.031 CEST
Begin processing the 48001st record. Run 1, Event 180706688, LumiSection 380302 on stream 0 at 17-Sep-2020 18:39:18.290 CEST
Begin processing the 49001st record. Run 1, Event 83116975, LumiSection 174922 on stream 0 at 17-Sep-2020 18:39:18.813 CEST
Begin processing the 50001st record. Run 1, Event 88173228, LumiSection 185563 on stream 0 at 17-Sep-2020 18:39:19.326 CEST
Begin processing the 51001st record. Run 1, Event 94806332, LumiSection 199522 on stream 0 at 17-Sep-2020 18:39:20.607 CEST
Begin processing the 52001st record. Run 1, Event 106155275, LumiSection 223407 on stream 0 at 17-Sep-2020 18:39:21.120 CEST
Begin processing the 53001st record. Run 1, Event 222824199, LumiSection 468939 on stream 0 at 17-Sep-2020 18:39:21.638 CEST
Begin processing the 54001st record. Run 1, Event 79264475, LumiSection 166814 on stream 0 at 17-Sep-2020 18:39:39.405 CEST
Begin processing the 55001st record. Run 1, Event 79444775, LumiSection 167194 on stream 0 at 17-Sep-2020 18:39:40.011 CEST
Begin processing the 56001st record. Run 1, Event 79712124, LumiSection 167756 on stream 0 at 17-Sep-2020 18:39:56.440 CEST
Begin processing the 57001st record. Run 1, Event 81812103, LumiSection 172176 on stream 0 at 17-Sep-2020 18:39:56.973 CEST
Begin processing the 58001st record. Run 1, Event 86586091, LumiSection 182223 on stream 0 at 17-Sep-2020 18:39:57.508 CEST
Begin processing the 59001st record. Run 1, Event 97545608, LumiSection 205287 on stream 0 at 17-Sep-2020 18:39:58.499 CEST
Begin processing the 60001st record. Run 1, Event 99892084, LumiSection 210226 on stream 0 at 17-Sep-2020 18:39:59.015 CEST
Begin processing the 61001st record. Run 1, Event 102430802, LumiSection 215569 on stream 0 at 17-Sep-2020 18:39:59.528 CEST
Begin processing the 62001st record. Run 1, Event 105117285, LumiSection 221222 on stream 0 at 17-Sep-2020 18:40:00.513 CEST
Begin processing the 63001st record. Run 1, Event 98447000, LumiSection 207184 on stream 0 at 17-Sep-2020 18:40:01.103 CEST
Begin processing the 64001st record. Run 1, Event 98737202, LumiSection 207795 on stream 0 at 17-Sep-2020 18:40:02.590 CEST
Begin processing the 65001st record. Run 1, Event 99110929, LumiSection 208582 on stream 0 at 17-Sep-2020 18:40:03.106 CEST
Begin processing the 66001st record. Run 1, Event 99564930, LumiSection 209537 on stream 0 at 17-Sep-2020 18:40:03.628 CEST
Begin processing the 67001st record. Run 1, Event 99946546, LumiSection 210340 on stream 0 at 17-Sep-2020 18:40:04.626 CEST
Begin processing the 68001st record. Run 1, Event 109480326, LumiSection 230404 on stream 0 at 17-Sep-2020 18:40:05.153 CEST
Begin processing the 69001st record. Run 1, Event 110959362, LumiSection 233517 on stream 0 at 17-Sep-2020 18:40:05.684 CEST
Begin processing the 70001st record. Run 1, Event 218815426, LumiSection 460503 on stream 0 at 17-Sep-2020 18:40:06.729 CEST
Begin processing the 71001st record. Run 1, Event 220493204, LumiSection 464033 on stream 0 at 17-Sep-2020 18:40:07.314 CEST
Begin processing the 72001st record. Run 1, Event 225131052, LumiSection 473794 on stream 0 at 17-Sep-2020 18:40:08.290 CEST
Begin processing the 73001st record. Run 1, Event 218259559, LumiSection 459333 on stream 0 at 17-Sep-2020 18:40:08.816 CEST
Begin processing the 74001st record. Run 1, Event 221923501, LumiSection 467044 on stream 0 at 17-Sep-2020 18:40:09.340 CEST
Begin processing the 75001st record. Run 1, Event 222718281, LumiSection 468716 on stream 0 at 17-Sep-2020 18:40:10.831 CEST
Begin processing the 76001st record. Run 1, Event 223399083, LumiSection 470149 on stream 0 at 17-Sep-2020 18:40:11.343 CEST
Begin processing the 77001st record. Run 1, Event 224308066, LumiSection 472062 on stream 0 at 17-Sep-2020 18:40:11.851 CEST
Begin processing the 78001st record. Run 1, Event 231101014, LumiSection 486358 on stream 0 at 17-Sep-2020 18:40:12.887 CEST
Begin processing the 79001st record. Run 1, Event 238952834, LumiSection 502882 on stream 0 at 17-Sep-2020 18:40:13.492 CEST
Begin processing the 80001st record. Run 1, Event 239804410, LumiSection 504675 on stream 0 at 17-Sep-2020 18:40:14.527 CEST
Begin processing the 81001st record. Run 1, Event 243643864, LumiSection 512755 on stream 0 at 17-Sep-2020 18:40:15.039 CEST
Begin processing the 82001st record. Run 1, Event 245130815, LumiSection 515884 on stream 0 at 17-Sep-2020 18:40:15.549 CEST
Begin processing the 83001st record. Run 1, Event 240989045, LumiSection 507167 on stream 0 at 17-Sep-2020 18:40:16.521 CEST
Begin processing the 84001st record. Run 1, Event 247997110, LumiSection 521917 on stream 0 at 17-Sep-2020 18:40:17.052 CEST
Begin processing the 85001st record. Run 1, Event 251348360, LumiSection 528969 on stream 0 at 17-Sep-2020 18:40:17.570 CEST
Begin processing the 86001st record. Run 1, Event 253252222, LumiSection 532976 on stream 0 at 17-Sep-2020 18:40:19.078 CEST
Begin processing the 87001st record. Run 1, Event 247121998, LumiSection 520075 on stream 0 at 17-Sep-2020 18:40:19.698 CEST
Begin processing the 88001st record. Run 1, Event 248452775, LumiSection 522875 on stream 0 at 17-Sep-2020 18:40:20.652 CEST
Begin processing the 89001st record. Run 1, Event 249829174, LumiSection 525772 on stream 0 at 17-Sep-2020 18:40:21.173 CEST
Begin processing the 90001st record. Run 1, Event 251676690, LumiSection 529660 on stream 0 at 17-Sep-2020 18:40:21.703 CEST
Begin processing the 91001st record. Run 1, Event 324600731, LumiSection 683131 on stream 0 at 17-Sep-2020 18:40:22.602 CEST
Begin processing the 92001st record. Run 1, Event 247450756, LumiSection 520767 on stream 0 at 17-Sep-2020 18:40:23.125 CEST
Begin processing the 93001st record. Run 1, Event 250575675, LumiSection 527343 on stream 0 at 17-Sep-2020 18:40:23.652 CEST
Begin processing the 94001st record. Run 1, Event 253348792, LumiSection 533179 on stream 0 at 17-Sep-2020 18:40:24.682 CEST
Begin processing the 95001st record. Run 1, Event 255813469, LumiSection 538366 on stream 0 at 17-Sep-2020 18:40:25.280 CEST
Begin processing the 96001st record. Run 1, Event 322502219, LumiSection 678714 on stream 0 at 17-Sep-2020 18:40:26.274 CEST
Begin processing the 97001st record. Run 1, Event 164884837, LumiSection 347005 on stream 0 at 17-Sep-2020 18:40:27.727 CEST
Begin processing the 98001st record. Run 1, Event 165183059, LumiSection 347632 on stream 0 at 17-Sep-2020 18:40:28.247 CEST
Begin processing the 99001st record. Run 1, Event 185738062, LumiSection 390891 on stream 0 at 17-Sep-2020 18:40:29.288 CEST
Begin processing the 100001st record. Run 1, Event 188170270, LumiSection 396009 on stream 0 at 17-Sep-2020 18:40:29.801 CEST
Begin processing the 101001st record. Run 1, Event 189858923, LumiSection 399563 on stream 0 at 17-Sep-2020 18:40:30.317 CEST
Begin processing the 102001st record. Run 1, Event 163717023, LumiSection 344547 on stream 0 at 17-Sep-2020 18:40:31.350 CEST
Begin processing the 103001st record. Run 1, Event 185375084, LumiSection 390127 on stream 0 at 17-Sep-2020 18:40:31.952 CEST
Begin processing the 104001st record. Run 1, Event 188354625, LumiSection 396397 on stream 0 at 17-Sep-2020 18:40:32.961 CEST
Begin processing the 105001st record. Run 1, Event 191190972, LumiSection 402367 on stream 0 at 17-Sep-2020 18:40:33.488 CEST
Begin processing the 106001st record. Run 1, Event 195899833, LumiSection 412276 on stream 0 at 17-Sep-2020 18:40:34.007 CEST
Begin processing the 107001st record. Run 1, Event 163250820, LumiSection 343565 on stream 0 at 17-Sep-2020 18:40:34.956 CEST
Begin processing the 108001st record. Run 1, Event 188260472, LumiSection 396199 on stream 0 at 17-Sep-2020 18:40:35.922 CEST
Begin processing the 109001st record. Run 1, Event 175691774, LumiSection 369748 on stream 0 at 17-Sep-2020 18:40:36.429 CEST
Begin processing the 110001st record. Run 1, Event 187383598, LumiSection 394354 on stream 0 at 17-Sep-2020 18:40:37.512 CEST
Begin processing the 111001st record. Run 1, Event 190690915, LumiSection 401314 on stream 0 at 17-Sep-2020 18:40:38.028 CEST
Begin processing the 112001st record. Run 1, Event 165108874, LumiSection 347476 on stream 0 at 17-Sep-2020 18:40:39.078 CEST
Begin processing the 113001st record. Run 1, Event 174976811, LumiSection 368243 on stream 0 at 17-Sep-2020 18:40:39.594 CEST
Begin processing the 114001st record. Run 1, Event 189421574, LumiSection 398643 on stream 0 at 17-Sep-2020 18:40:40.114 CEST
Begin processing the 115001st record. Run 1, Event 192950599, LumiSection 406070 on stream 0 at 17-Sep-2020 18:40:41.231 CEST
Begin processing the 116001st record. Run 1, Event 265246337, LumiSection 558218 on stream 0 at 17-Sep-2020 18:40:41.743 CEST
Begin processing the 117001st record. Run 1, Event 163656457, LumiSection 344419 on stream 0 at 17-Sep-2020 18:40:42.265 CEST
Begin processing the 118001st record. Run 1, Event 175661523, LumiSection 369685 on stream 0 at 17-Sep-2020 18:40:43.779 CEST
Begin processing the 119001st record. Run 1, Event 176615584, LumiSection 371692 on stream 0 at 17-Sep-2020 18:40:44.299 CEST
Begin processing the 120001st record. Run 1, Event 189550600, LumiSection 398914 on stream 0 at 17-Sep-2020 18:40:45.352 CEST
Begin processing the 121001st record. Run 1, Event 195605712, LumiSection 411657 on stream 0 at 17-Sep-2020 18:40:45.910 CEST
Begin processing the 122001st record. Run 1, Event 186304050, LumiSection 392081 on stream 0 at 17-Sep-2020 18:40:46.461 CEST
Begin processing the 123001st record. Run 1, Event 186751778, LumiSection 393024 on stream 0 at 17-Sep-2020 18:40:47.527 CEST
Begin processing the 124001st record. Run 1, Event 193946660, LumiSection 408166 on stream 0 at 17-Sep-2020 18:40:49.630 CEST
Begin processing the 125001st record. Run 1, Event 266146231, LumiSection 560111 on stream 0 at 17-Sep-2020 18:40:50.143 CEST
Begin processing the 126001st record. Run 1, Event 174956084, LumiSection 368200 on stream 0 at 17-Sep-2020 18:40:51.171 CEST
Begin processing the 127001st record. Run 1, Event 189643751, LumiSection 399110 on stream 0 at 17-Sep-2020 18:40:51.688 CEST
Begin processing the 128001st record. Run 1, Event 195755531, LumiSection 411973 on stream 0 at 17-Sep-2020 18:40:52.720 CEST
Begin processing the 129001st record. Run 1, Event 265281539, LumiSection 558292 on stream 0 at 17-Sep-2020 18:40:54.024 CEST
Begin processing the 130001st record. Run 1, Event 267037280, LumiSection 561987 on stream 0 at 17-Sep-2020 18:40:54.580 CEST
Begin processing the 131001st record. Run 1, Event 185965108, LumiSection 391369 on stream 0 at 17-Sep-2020 18:40:55.532 CEST
Begin processing the 132001st record. Run 1, Event 186986752, LumiSection 393519 on stream 0 at 17-Sep-2020 18:40:56.052 CEST
Begin processing the 133001st record. Run 1, Event 191325256, LumiSection 402649 on stream 0 at 17-Sep-2020 18:40:56.577 CEST
Begin processing the 134001st record. Run 1, Event 195224578, LumiSection 410855 on stream 0 at 17-Sep-2020 18:40:57.726 CEST
Begin processing the 135001st record. Run 1, Event 257892261, LumiSection 542741 on stream 0 at 17-Sep-2020 18:40:58.248 CEST
Begin processing the 136001st record. Run 1, Event 188284060, LumiSection 396249 on stream 0 at 17-Sep-2020 18:40:59.244 CEST
Begin processing the 137001st record. Run 1, Event 189832768, LumiSection 399508 on stream 0 at 17-Sep-2020 18:40:59.758 CEST
Begin processing the 138001st record. Run 1, Event 192955416, LumiSection 406079 on stream 0 at 17-Sep-2020 18:41:00.266 CEST
Begin processing the 139001st record. Run 1, Event 195572562, LumiSection 411587 on stream 0 at 17-Sep-2020 18:41:01.453 CEST
Begin processing the 140001st record. Run 1, Event 257669162, LumiSection 542271 on stream 0 at 17-Sep-2020 18:41:02.006 CEST
Begin processing the 141001st record. Run 1, Event 189424644, LumiSection 398649 on stream 0 at 17-Sep-2020 18:41:02.569 CEST
Begin processing the 142001st record. Run 1, Event 265468995, LumiSection 558686 on stream 0 at 17-Sep-2020 18:41:03.601 CEST
Begin processing the 143001st record. Run 1, Event 265551110, LumiSection 558859 on stream 0 at 17-Sep-2020 18:41:04.123 CEST
Begin processing the 144001st record. Run 1, Event 267375415, LumiSection 562699 on stream 0 at 17-Sep-2020 18:41:04.846 CEST
17-Sep-2020 18:41:05 CEST  Closed file file:/eos/user/c/cmsdas/short-exercises/muon/dymm_2.root

=============================================

MessageLogger Summary

 type     category        sev    module        subroutine        count    total
 ---- -------------------- -- ---------------- ----------------  -----    -----
    1 fileAction           -s file_close                             1        1
    2 fileAction           -s file_open                              2        2

 type    category    Examples: run/evt        run/evt          run/evt
 ---- -------------------- ---------------- ---------------- ----------------
    1 fileAction           PostGlobalEndRun                  
    2 fileAction           pre-events       pre-events       

Severity    # Occurrences   Total Occurrences
--------    -------------   -----------------
System                  3                   3

dropped waiting message count 0
